# JRE version: Java(TM) SE Runtime Environment (8.0_101-b13) (build 1.8.0_101-b13)
# Java VM: Java HotSpot(TM) 64-Bit Server VM (25.101-b13 mixed mode windows-amd64 compressed oops)
Heap:
 PSYoungGen      total 140288K, used 22365K [0x00000000eab00000, 0x00000000f4180000, 0x0000000100000000)
  eden space 130560K, 9% used [0x00000000eab00000,0x00000000eb7af180,0x00000000f2a80000)
  from space 9728K, 96% used [0x00000000f3800000,0x00000000f4128390,0x00000000f4180000)
  to   space 11776K, 0% used [0x00000000f2a80000,0x00000000f2a80000,0x00000000f3600000)
 ParOldGen       total 51712K, used 27887K [0x00000000c0000000, 0x00000000c3280000, 0x00000000eab00000)
  object space 51712K, 53% used [0x00000000c0000000,0x00000000c1b3bfe0,0x00000000c3280000)
 Metaspace       used 44284K, capacity 45180K, committed 45312K, reserved 1087488K
  class space    used 6111K, capacity 6366K, committed 6400K, reserved 1048576K
GC Heap History (10 events):
Event: 25.946 GC heap before
{Heap before GC invocations=14 (full 1):
 PSYoungGen      total 72192K, used 70632K [0x00000000eab00000, 0x00000000ef880000, 0x0000000100000000)
  eden space 67072K, 100% used [0x00000000eab00000,0x00000000eec80000,0x00000000eec80000)
  from space 5120K, 69% used [0x00000000ef380000,0x00000000ef6fa110,0x00000000ef880000)
  to   space 6144K, 0% used [0x00000000eec80000,0x00000000eec80000,0x00000000ef280000)
 ParOldGen       total 34816K, used 14150K [0x00000000c0000000, 0x00000000c2200000, 0x00000000eab00000)
  object space 34816K, 40% used [0x00000000c0000000,0x00000000c0dd18c0,0x00000000c2200000)
 Metaspace       used 33667K, capacity 34288K, committed 34432K, reserved 1079296K
  class space    used 4528K, capacity 4704K, committed 4736K, reserved 1048576K
Event: 25.995 GC heap after
Heap after GC invocations=14 (full 1):
 PSYoungGen      total 73216K, used 6127K [0x00000000eab00000, 0x00000000f1880000, 0x0000000100000000)
  eden space 67072K, 0% used [0x00000000eab00000,0x00000000eab00000,0x00000000eec80000)
  from space 6144K, 99% used [0x00000000eec80000,0x00000000ef27bdf8,0x00000000ef280000)
  to   space 8192K, 0% used [0x00000000f1080000,0x00000000f1080000,0x00000000f1880000)
 ParOldGen       total 34816K, used 17540K [0x00000000c0000000, 0x00000000c2200000, 0x00000000eab00000)
  object space 34816K, 50% used [0x00000000c0000000,0x00000000c1121398,0x00000000c2200000)
 Metaspace       used 33667K, capacity 34288K, committed 34432K, reserved 1079296K
  class space    used 4528K, capacity 4704K, committed 4736K, reserved 1048576K
}
Event: 26.231 GC heap before
{Heap before GC invocations=15 (full 1):
 PSYoungGen      total 73216K, used 11431K [0x00000000eab00000, 0x00000000f1880000, 0x0000000100000000)
  eden space 67072K, 7% used [0x00000000eab00000,0x00000000eb02e0f8,0x00000000eec80000)
  from space 6144K, 99% used [0x00000000eec80000,0x00000000ef27bdf8,0x00000000ef280000)
  to   space 8192K, 0% used [0x00000000f1080000,0x00000000f1080000,0x00000000f1880000)
 ParOldGen       total 34816K, used 17540K [0x00000000c0000000, 0x00000000c2200000, 0x00000000eab00000)
  object space 34816K, 50% used [0x00000000c0000000,0x00000000c1121398,0x00000000c2200000)
 Metaspace       used 34712K, capacity 35312K, committed 35456K, reserved 1079296K
  class space    used 4699K, capacity 4896K, committed 4992K, reserved 1048576K
Event: 26.261 GC heap after
Heap after GC invocations=15 (full 1):
 PSYoungGen      total 103424K, used 715K [0x00000000eab00000, 0x00000000f2000000, 0x0000000100000000)
  eden space 95232K, 0% used [0x00000000eab00000,0x00000000eab00000,0x00000000f0800000)
  from space 8192K, 8% used [0x00000000f1080000,0x00000000f1132d08,0x00000000f1880000)
  to   space 8704K, 0% used [0x00000000f0800000,0x00000000f0800000,0x00000000f1080000)
 ParOldGen       total 34816K, used 23673K [0x00000000c0000000, 0x00000000c2200000, 0x00000000eab00000)
  object space 34816K, 67% used [0x00000000c0000000,0x00000000c171e538,0x00000000c2200000)
 Metaspace       used 34712K, capacity 35312K, committed 35456K, reserved 1079296K
  class space    used 4699K, capacity 4896K, committed 4992K, reserved 1048576K
}
Event: 26.262 GC heap before
{Heap before GC invocations=16 (full 2):
 PSYoungGen      total 103424K, used 715K [0x00000000eab00000, 0x00000000f2000000, 0x0000000100000000)
  eden space 95232K, 0% used [0x00000000eab00000,0x00000000eab00000,0x00000000f0800000)
  from space 8192K, 8% used [0x00000000f1080000,0x00000000f1132d08,0x00000000f1880000)
  to   space 8704K, 0% used [0x00000000f0800000,0x00000000f0800000,0x00000000f1080000)
 ParOldGen       total 34816K, used 23673K [0x00000000c0000000, 0x00000000c2200000, 0x00000000eab00000)
  object space 34816K, 67% used [0x00000000c0000000,0x00000000c171e538,0x00000000c2200000)
 Metaspace       used 34712K, capacity 35312K, committed 35456K, reserved 1079296K
  class space    used 4699K, capacity 4896K, committed 4992K, reserved 1048576K
Event: 26.483 GC heap after
Heap after GC invocations=16 (full 2):
 PSYoungGen      total 103424K, used 0K [0x00000000eab00000, 0x00000000f2000000, 0x0000000100000000)
  eden space 95232K, 0% used [0x00000000eab00000,0x00000000eab00000,0x00000000f0800000)
  from space 8192K, 0% used [0x00000000f1080000,0x00000000f1080000,0x00000000f1880000)
  to   space 8704K, 0% used [0x00000000f0800000,0x00000000f0800000,0x00000000f1080000)
 ParOldGen       total 51712K, used 19476K [0x00000000c0000000, 0x00000000c3280000, 0x00000000eab00000)
  object space 51712K, 37% used [0x00000000c0000000,0x00000000c1305030,0x00000000c3280000)
 Metaspace       used 34712K, capacity 35312K, committed 35456K, reserved 1079296K
  class space    used 4699K, capacity 4896K, committed 4992K, reserved 1048576K
}
Event: 31.868 GC heap before
{Heap before GC invocations=17 (full 2):
 PSYoungGen      total 103424K, used 95232K [0x00000000eab00000, 0x00000000f2000000, 0x0000000100000000)
  eden space 95232K, 100% used [0x00000000eab00000,0x00000000f0800000,0x00000000f0800000)
  from space 8192K, 0% used [0x00000000f1080000,0x00000000f1080000,0x00000000f1880000)
  to   space 8704K, 0% used [0x00000000f0800000,0x00000000f0800000,0x00000000f1080000)
 ParOldGen       total 51712K, used 19476K [0x00000000c0000000, 0x00000000c3280000, 0x00000000eab00000)
  object space 51712K, 37% used [0x00000000c0000000,0x00000000c1305030,0x00000000c3280000)
 Metaspace       used 40480K, capacity 41282K, committed 41472K, reserved 1085440K
  class space    used 5547K, capacity 5761K, committed 5888K, reserved 1048576K
Event: 31.902 GC heap after
Heap after GC invocations=17 (full 2):
 PSYoungGen      total 103936K, used 8673K [0x00000000eab00000, 0x00000000f4200000, 0x0000000100000000)
  eden space 95232K, 0% used [0x00000000eab00000,0x00000000eab00000,0x00000000f0800000)
  from space 8704K, 99% used [0x00000000f0800000,0x00000000f1078738,0x00000000f1080000)
  to   space 10240K, 0% used [0x00000000f3800000,0x00000000f3800000,0x00000000f4200000)
 ParOldGen       total 51712K, used 21101K [0x00000000c0000000, 0x00000000c3280000, 0x00000000eab00000)
  object space 51712K, 40% used [0x00000000c0000000,0x00000000c149b448,0x00000000c3280000)
 Metaspace       used 40480K, capacity 41282K, committed 41472K, reserved 1085440K
  class space    used 5547K, capacity 5761K, committed 5888K, reserved 1048576K
}
Event: 54.792 GC heap before
{Heap before GC invocations=18 (full 2):
 PSYoungGen      total 103936K, used 103905K [0x00000000eab00000, 0x00000000f4200000, 0x0000000100000000)
  eden space 95232K, 100% used [0x00000000eab00000,0x00000000f0800000,0x00000000f0800000)
  from space 8704K, 99% used [0x00000000f0800000,0x00000000f1078738,0x00000000f1080000)
  to   space 10240K, 0% used [0x00000000f3800000,0x00000000f3800000,0x00000000f4200000)
 ParOldGen       total 51712K, used 21101K [0x00000000c0000000, 0x00000000c3280000, 0x00000000eab00000)
  object space 51712K, 40% used [0x00000000c0000000,0x00000000c149b448,0x00000000c3280000)
 Metaspace       used 44136K, capacity 45028K, committed 45312K, reserved 1087488K
  class space    used 6087K, capacity 6296K, committed 6400K, reserved 1048576K
Event: 54.848 GC heap after
Heap after GC invocations=18 (full 2):
 PSYoungGen      total 140288K, used 9376K [0x00000000eab00000, 0x00000000f4180000, 0x0000000100000000)
  eden space 130560K, 0% used [0x00000000eab00000,0x00000000eab00000,0x00000000f2a80000)
  from space 9728K, 96% used [0x00000000f3800000,0x00000000f4128390,0x00000000f4180000)
  to   space 11776K, 0% used [0x00000000f2a80000,0x00000000f2a80000,0x00000000f3600000)
 ParOldGen       total 51712K, used 27887K [0x00000000c0000000, 0x00000000c3280000, 0x00000000eab00000)
  object space 51712K, 53% used [0x00000000c0000000,0x00000000c1b3bfe0,0x00000000c3280000)
 Metaspace       used 44136K, capacity 45028K, committed 45312K, reserved 1087488K
  class space    used 6087K, capacity 6296K, committed 6400K, reserved 1048576K
}

