# JRE version: Java(TM) SE Runtime Environment (8.0_101-b13) (build 1.8.0_101-b13)
# Java VM: Java HotSpot(TM) 64-Bit Server VM (25.101-b13 mixed mode windows-amd64 compressed oops)
Heap:
 PSYoungGen      total 107008K, used 78821K [0x00000000eab00000, 0x00000000f1d80000, 0x0000000100000000)
  eden space 96768K, 71% used [0x00000000eab00000,0x00000000eee29700,0x00000000f0980000)
  from space 10240K, 98% used [0x00000000f0980000,0x00000000f134fe98,0x00000000f1380000)
  to   space 9728K, 0% used [0x00000000f1380000,0x00000000f1380000,0x00000000f1d00000)
 ParOldGen       total 59904K, used 19772K [0x00000000c0000000, 0x00000000c3a80000, 0x00000000eab00000)
  object space 59904K, 33% used [0x00000000c0000000,0x00000000c134f0c0,0x00000000c3a80000)
 Metaspace       used 43963K, capacity 44836K, committed 45056K, reserved 1087488K
  class space    used 6087K, capacity 6296K, committed 6400K, reserved 1048576K
GC Heap History (10 events):
Event: 13.664 GC heap before
{Heap before GC invocations=11 (full 1):
 PSYoungGen      total 69120K, used 66783K [0x00000000eab00000, 0x00000000f0100000, 0x0000000100000000)
  eden space 61440K, 100% used [0x00000000eab00000,0x00000000ee700000,0x00000000ee700000)
  from space 7680K, 69% used [0x00000000ee700000,0x00000000eec37f58,0x00000000eee80000)
  to   space 7680K, 0% used [0x00000000ef980000,0x00000000ef980000,0x00000000f0100000)
 ParOldGen       total 39424K, used 12881K [0x00000000c0000000, 0x00000000c2680000, 0x00000000eab00000)
  object space 39424K, 32% used [0x00000000c0000000,0x00000000c0c94730,0x00000000c2680000)
 Metaspace       used 30284K, capacity 30792K, committed 30848K, reserved 1075200K
  class space    used 4073K, capacity 4208K, committed 4224K, reserved 1048576K
Event: 13.745 GC heap after
Heap after GC invocations=11 (full 1):
 PSYoungGen      total 80384K, used 6074K [0x00000000eab00000, 0x00000000f0b00000, 0x0000000100000000)
  eden space 72704K, 0% used [0x00000000eab00000,0x00000000eab00000,0x00000000ef200000)
  from space 7680K, 79% used [0x00000000ef980000,0x00000000eff6eb88,0x00000000f0100000)
  to   space 7680K, 0% used [0x00000000ef200000,0x00000000ef200000,0x00000000ef980000)
 ParOldGen       total 39424K, used 14385K [0x00000000c0000000, 0x00000000c2680000, 0x00000000eab00000)
  object space 39424K, 36% used [0x00000000c0000000,0x00000000c0e0c740,0x00000000c2680000)
 Metaspace       used 30284K, capacity 30792K, committed 30848K, reserved 1075200K
  class space    used 4073K, capacity 4208K, committed 4224K, reserved 1048576K
}
Event: 16.333 GC heap before
{Heap before GC invocations=12 (full 1):
 PSYoungGen      total 80384K, used 78778K [0x00000000eab00000, 0x00000000f0b00000, 0x0000000100000000)
  eden space 72704K, 100% used [0x00000000eab00000,0x00000000ef200000,0x00000000ef200000)
  from space 7680K, 79% used [0x00000000ef980000,0x00000000eff6eb88,0x00000000f0100000)
  to   space 7680K, 0% used [0x00000000ef200000,0x00000000ef200000,0x00000000ef980000)
 ParOldGen       total 39424K, used 14385K [0x00000000c0000000, 0x00000000c2680000, 0x00000000eab00000)
  object space 39424K, 36% used [0x00000000c0000000,0x00000000c0e0c740,0x00000000c2680000)
 Metaspace       used 33397K, capacity 34064K, committed 34176K, reserved 1079296K
  class space    used 4478K, capacity 4672K, committed 4736K, reserved 1048576K
Event: 16.381 GC heap after
Heap after GC invocations=12 (full 1):
 PSYoungGen      total 80384K, used 7671K [0x00000000eab00000, 0x00000000f1d00000, 0x0000000100000000)
  eden space 72704K, 0% used [0x00000000eab00000,0x00000000eab00000,0x00000000ef200000)
  from space 7680K, 99% used [0x00000000ef200000,0x00000000ef97de68,0x00000000ef980000)
  to   space 9728K, 0% used [0x00000000f1380000,0x00000000f1380000,0x00000000f1d00000)
 ParOldGen       total 39424K, used 17664K [0x00000000c0000000, 0x00000000c2680000, 0x00000000eab00000)
  object space 39424K, 44% used [0x00000000c0000000,0x00000000c1140320,0x00000000c2680000)
 Metaspace       used 33397K, capacity 34064K, committed 34176K, reserved 1079296K
  class space    used 4478K, capacity 4672K, committed 4736K, reserved 1048576K
}
Event: 17.459 GC heap before
{Heap before GC invocations=13 (full 1):
 PSYoungGen      total 80384K, used 21833K [0x00000000eab00000, 0x00000000f1d00000, 0x0000000100000000)
  eden space 72704K, 19% used [0x00000000eab00000,0x00000000eb8d47e0,0x00000000ef200000)
  from space 7680K, 99% used [0x00000000ef200000,0x00000000ef97de68,0x00000000ef980000)
  to   space 9728K, 0% used [0x00000000f1380000,0x00000000f1380000,0x00000000f1d00000)
 ParOldGen       total 39424K, used 17664K [0x00000000c0000000, 0x00000000c2680000, 0x00000000eab00000)
  object space 39424K, 44% used [0x00000000c0000000,0x00000000c1140320,0x00000000c2680000)
 Metaspace       used 34751K, capacity 35408K, committed 35496K, reserved 1079296K
  class space    used 4694K, capacity 4864K, committed 4864K, reserved 1048576K
Event: 17.484 GC heap after
Heap after GC invocations=13 (full 1):
 PSYoungGen      total 106496K, used 1515K [0x00000000eab00000, 0x00000000f1d80000, 0x0000000100000000)
  eden space 96768K, 0% used [0x00000000eab00000,0x00000000eab00000,0x00000000f0980000)
  from space 9728K, 15% used [0x00000000f1380000,0x00000000f14faf10,0x00000000f1d00000)
  to   space 10240K, 0% used [0x00000000f0980000,0x00000000f0980000,0x00000000f1380000)
 ParOldGen       total 39424K, used 23655K [0x00000000c0000000, 0x00000000c2680000, 0x00000000eab00000)
  object space 39424K, 60% used [0x00000000c0000000,0x00000000c1719de8,0x00000000c2680000)
 Metaspace       used 34751K, capacity 35408K, committed 35496K, reserved 1079296K
  class space    used 4694K, capacity 4864K, committed 4864K, reserved 1048576K
}
Event: 17.484 GC heap before
{Heap before GC invocations=14 (full 2):
 PSYoungGen      total 106496K, used 1515K [0x00000000eab00000, 0x00000000f1d80000, 0x0000000100000000)
  eden space 96768K, 0% used [0x00000000eab00000,0x00000000eab00000,0x00000000f0980000)
  from space 9728K, 15% used [0x00000000f1380000,0x00000000f14faf10,0x00000000f1d00000)
  to   space 10240K, 0% used [0x00000000f0980000,0x00000000f0980000,0x00000000f1380000)
 ParOldGen       total 39424K, used 23655K [0x00000000c0000000, 0x00000000c2680000, 0x00000000eab00000)
  object space 39424K, 60% used [0x00000000c0000000,0x00000000c1719de8,0x00000000c2680000)
 Metaspace       used 34751K, capacity 35408K, committed 35496K, reserved 1079296K
  class space    used 4694K, capacity 4864K, committed 4864K, reserved 1048576K
Event: 17.827 GC heap after
Heap after GC invocations=14 (full 2):
 PSYoungGen      total 106496K, used 0K [0x00000000eab00000, 0x00000000f1d80000, 0x0000000100000000)
  eden space 96768K, 0% used [0x00000000eab00000,0x00000000eab00000,0x00000000f0980000)
  from space 9728K, 0% used [0x00000000f1380000,0x00000000f1380000,0x00000000f1d00000)
  to   space 10240K, 0% used [0x00000000f0980000,0x00000000f0980000,0x00000000f1380000)
 ParOldGen       total 59904K, used 19764K [0x00000000c0000000, 0x00000000c3a80000, 0x00000000eab00000)
  object space 59904K, 32% used [0x00000000c0000000,0x00000000c134d0c0,0x00000000c3a80000)
 Metaspace       used 34751K, capacity 35408K, committed 35496K, reserved 1079296K
  class space    used 4694K, capacity 4864K, committed 4864K, reserved 1048576K
}
Event: 23.806 GC heap before
{Heap before GC invocations=15 (full 2):
 PSYoungGen      total 106496K, used 96768K [0x00000000eab00000, 0x00000000f1d80000, 0x0000000100000000)
  eden space 96768K, 100% used [0x00000000eab00000,0x00000000f0980000,0x00000000f0980000)
  from space 9728K, 0% used [0x00000000f1380000,0x00000000f1380000,0x00000000f1d00000)
  to   space 10240K, 0% used [0x00000000f0980000,0x00000000f0980000,0x00000000f1380000)
 ParOldGen       total 59904K, used 19764K [0x00000000c0000000, 0x00000000c3a80000, 0x00000000eab00000)
  object space 59904K, 32% used [0x00000000c0000000,0x00000000c134d0c0,0x00000000c3a80000)
 Metaspace       used 40504K, capacity 41250K, committed 41344K, reserved 1085440K
  class space    used 5535K, capacity 5729K, committed 5760K, reserved 1048576K
Event: 23.857 GC heap after
Heap after GC invocations=15 (full 2):
 PSYoungGen      total 107008K, used 10047K [0x00000000eab00000, 0x00000000f1d80000, 0x0000000100000000)
  eden space 96768K, 0% used [0x00000000eab00000,0x00000000eab00000,0x00000000f0980000)
  from space 10240K, 98% used [0x00000000f0980000,0x00000000f134fe98,0x00000000f1380000)
  to   space 9728K, 0% used [0x00000000f1380000,0x00000000f1380000,0x00000000f1d00000)
 ParOldGen       total 59904K, used 19772K [0x00000000c0000000, 0x00000000c3a80000, 0x00000000eab00000)
  object space 59904K, 33% used [0x00000000c0000000,0x00000000c134f0c0,0x00000000c3a80000)
 Metaspace       used 40504K, capacity 41250K, committed 41344K, reserved 1085440K
  class space    used 5535K, capacity 5729K, committed 5760K, reserved 1048576K
}

