# JRE version: Java(TM) SE Runtime Environment (8.0_101-b13) (build 1.8.0_101-b13)
# Java VM: Java HotSpot(TM) 64-Bit Server VM (25.101-b13 mixed mode windows-amd64 compressed oops)
Heap:
 PSYoungGen      total 69120K, used 9855K [0x00000000eab00000, 0x00000000ef600000, 0x0000000100000000)
  eden space 61440K, 3% used [0x00000000eab00000,0x00000000ead4e0a0,0x00000000ee700000)
  from space 7680K, 97% used [0x00000000eee80000,0x00000000ef5d1b60,0x00000000ef600000)
  to   space 5120K, 0% used [0x00000000ee780000,0x00000000ee780000,0x00000000eec80000)
 ParOldGen       total 40448K, used 11383K [0x00000000c0000000, 0x00000000c2780000, 0x00000000eab00000)
  object space 40448K, 28% used [0x00000000c0000000,0x00000000c0b1ddf0,0x00000000c2780000)
 Metaspace       used 30158K, capacity 30728K, committed 30848K, reserved 1075200K
  class space    used 4070K, capacity 4208K, committed 4224K, reserved 1048576K
GC Heap History (10 events):
Event: 10.344 GC heap before
{Heap before GC invocations=7 (full 0):
 PSYoungGen      total 39936K, used 37331K [0x00000000eab00000, 0x00000000ed900000, 0x0000000100000000)
  eden space 32768K, 98% used [0x00000000eab00000,0x00000000eca62a28,0x00000000ecb00000)
  from space 7168K, 72% used [0x00000000ed200000,0x00000000ed712240,0x00000000ed900000)
  to   space 7168K, 0% used [0x00000000ecb00000,0x00000000ecb00000,0x00000000ed200000)
 ParOldGen       total 44032K, used 8103K [0x00000000c0000000, 0x00000000c2b00000, 0x00000000eab00000)
  object space 44032K, 18% used [0x00000000c0000000,0x00000000c07e9d50,0x00000000c2b00000)
 Metaspace       used 20909K, capacity 21212K, committed 21296K, reserved 1067008K
  class space    used 2810K, capacity 2914K, committed 2944K, reserved 1048576K
Event: 10.390 GC heap after
Heap after GC invocations=7 (full 0):
 PSYoungGen      total 39936K, used 6280K [0x00000000eab00000, 0x00000000efa00000, 0x0000000100000000)
  eden space 32768K, 0% used [0x00000000eab00000,0x00000000eab00000,0x00000000ecb00000)
  from space 7168K, 87% used [0x00000000ecb00000,0x00000000ed122050,0x00000000ed200000)
  to   space 7680K, 0% used [0x00000000ef280000,0x00000000ef280000,0x00000000efa00000)
 ParOldGen       total 44032K, used 9018K [0x00000000c0000000, 0x00000000c2b00000, 0x00000000eab00000)
  object space 44032K, 20% used [0x00000000c0000000,0x00000000c08ce9b0,0x00000000c2b00000)
 Metaspace       used 20909K, capacity 21212K, committed 21296K, reserved 1067008K
  class space    used 2810K, capacity 2914K, committed 2944K, reserved 1048576K
}
Event: 10.390 GC heap before
{Heap before GC invocations=8 (full 1):
 PSYoungGen      total 39936K, used 6280K [0x00000000eab00000, 0x00000000efa00000, 0x0000000100000000)
  eden space 32768K, 0% used [0x00000000eab00000,0x00000000eab00000,0x00000000ecb00000)
  from space 7168K, 87% used [0x00000000ecb00000,0x00000000ed122050,0x00000000ed200000)
  to   space 7680K, 0% used [0x00000000ef280000,0x00000000ef280000,0x00000000efa00000)
 ParOldGen       total 44032K, used 9018K [0x00000000c0000000, 0x00000000c2b00000, 0x00000000eab00000)
  object space 44032K, 20% used [0x00000000c0000000,0x00000000c08ce9b0,0x00000000c2b00000)
 Metaspace       used 20909K, capacity 21212K, committed 21296K, reserved 1067008K
  class space    used 2810K, capacity 2914K, committed 2944K, reserved 1048576K
Event: 10.604 GC heap after
Heap after GC invocations=8 (full 1):
 PSYoungGen      total 39936K, used 0K [0x00000000eab00000, 0x00000000efa00000, 0x0000000100000000)
  eden space 32768K, 0% used [0x00000000eab00000,0x00000000eab00000,0x00000000ecb00000)
  from space 7168K, 0% used [0x00000000ecb00000,0x00000000ecb00000,0x00000000ed200000)
  to   space 7680K, 0% used [0x00000000ef280000,0x00000000ef280000,0x00000000efa00000)
 ParOldGen       total 40448K, used 11359K [0x00000000c0000000, 0x00000000c2780000, 0x00000000eab00000)
  object space 40448K, 28% used [0x00000000c0000000,0x00000000c0b17df0,0x00000000c2780000)
 Metaspace       used 20909K, capacity 21212K, committed 21296K, reserved 1067008K
  class space    used 2810K, capacity 2914K, committed 2944K, reserved 1048576K
}
Event: 12.640 GC heap before
{Heap before GC invocations=9 (full 1):
 PSYoungGen      total 39936K, used 32768K [0x00000000eab00000, 0x00000000efa00000, 0x0000000100000000)
  eden space 32768K, 100% used [0x00000000eab00000,0x00000000ecb00000,0x00000000ecb00000)
  from space 7168K, 0% used [0x00000000ecb00000,0x00000000ecb00000,0x00000000ed200000)
  to   space 7680K, 0% used [0x00000000ef280000,0x00000000ef280000,0x00000000efa00000)
 ParOldGen       total 40448K, used 11359K [0x00000000c0000000, 0x00000000c2780000, 0x00000000eab00000)
  object space 40448K, 28% used [0x00000000c0000000,0x00000000c0b17df0,0x00000000c2780000)
 Metaspace       used 23229K, capacity 23678K, committed 23936K, reserved 1069056K
  class space    used 3205K, capacity 3349K, committed 3456K, reserved 1048576K
Event: 12.684 GC heap after
Heap after GC invocations=9 (full 1):
 PSYoungGen      total 52736K, used 3601K [0x00000000eab00000, 0x00000000ef680000, 0x0000000100000000)
  eden space 48640K, 0% used [0x00000000eab00000,0x00000000eab00000,0x00000000eda80000)
  from space 4096K, 87% used [0x00000000ef280000,0x00000000ef6047a0,0x00000000ef680000)
  to   space 7680K, 0% used [0x00000000ee780000,0x00000000ee780000,0x00000000eef00000)
 ParOldGen       total 40448K, used 11367K [0x00000000c0000000, 0x00000000c2780000, 0x00000000eab00000)
  object space 40448K, 28% used [0x00000000c0000000,0x00000000c0b19df0,0x00000000c2780000)
 Metaspace       used 23229K, capacity 23678K, committed 23936K, reserved 1069056K
  class space    used 3205K, capacity 3349K, committed 3456K, reserved 1048576K
}
Event: 16.256 GC heap before
{Heap before GC invocations=10 (full 1):
 PSYoungGen      total 52736K, used 52241K [0x00000000eab00000, 0x00000000ef680000, 0x0000000100000000)
  eden space 48640K, 100% used [0x00000000eab00000,0x00000000eda80000,0x00000000eda80000)
  from space 4096K, 87% used [0x00000000ef280000,0x00000000ef6047a0,0x00000000ef680000)
  to   space 7680K, 0% used [0x00000000ee780000,0x00000000ee780000,0x00000000eef00000)
 ParOldGen       total 40448K, used 11367K [0x00000000c0000000, 0x00000000c2780000, 0x00000000eab00000)
  object space 40448K, 28% used [0x00000000c0000000,0x00000000c0b19df0,0x00000000c2780000)
 Metaspace       used 26816K, capacity 27248K, committed 27392K, reserved 1073152K
  class space    used 3635K, capacity 3768K, committed 3840K, reserved 1048576K
Event: 16.275 GC heap after
Heap after GC invocations=10 (full 1):
 PSYoungGen      total 66560K, used 4909K [0x00000000eab00000, 0x00000000ef600000, 0x0000000100000000)
  eden space 61440K, 0% used [0x00000000eab00000,0x00000000eab00000,0x00000000ee700000)
  from space 5120K, 95% used [0x00000000ee780000,0x00000000eec4b5c8,0x00000000eec80000)
  to   space 7680K, 0% used [0x00000000eee80000,0x00000000eee80000,0x00000000ef600000)
 ParOldGen       total 40448K, used 11375K [0x00000000c0000000, 0x00000000c2780000, 0x00000000eab00000)
  object space 40448K, 28% used [0x00000000c0000000,0x00000000c0b1bdf0,0x00000000c2780000)
 Metaspace       used 26816K, capacity 27248K, committed 27392K, reserved 1073152K
  class space    used 3635K, capacity 3768K, committed 3840K, reserved 1048576K
}
Event: 19.506 GC heap before
{Heap before GC invocations=11 (full 1):
 PSYoungGen      total 66560K, used 66349K [0x00000000eab00000, 0x00000000ef600000, 0x0000000100000000)
  eden space 61440K, 100% used [0x00000000eab00000,0x00000000ee700000,0x00000000ee700000)
  from space 5120K, 95% used [0x00000000ee780000,0x00000000eec4b5c8,0x00000000eec80000)
  to   space 7680K, 0% used [0x00000000eee80000,0x00000000eee80000,0x00000000ef600000)
 ParOldGen       total 40448K, used 11375K [0x00000000c0000000, 0x00000000c2780000, 0x00000000eab00000)
  object space 40448K, 28% used [0x00000000c0000000,0x00000000c0b1bdf0,0x00000000c2780000)
 Metaspace       used 30153K, capacity 30664K, committed 30848K, reserved 1075200K
  class space    used 4070K, capacity 4208K, committed 4224K, reserved 1048576K
Event: 19.530 GC heap after
Heap after GC invocations=11 (full 1):
 PSYoungGen      total 69120K, used 7494K [0x00000000eab00000, 0x00000000ef600000, 0x0000000100000000)
  eden space 61440K, 0% used [0x00000000eab00000,0x00000000eab00000,0x00000000ee700000)
  from space 7680K, 97% used [0x00000000eee80000,0x00000000ef5d1b60,0x00000000ef600000)
  to   space 5120K, 0% used [0x00000000ee780000,0x00000000ee780000,0x00000000eec80000)
 ParOldGen       total 40448K, used 11383K [0x00000000c0000000, 0x00000000c2780000, 0x00000000eab00000)
  object space 40448K, 28% used [0x00000000c0000000,0x00000000c0b1ddf0,0x00000000c2780000)
 Metaspace       used 30153K, capacity 30664K, committed 30848K, reserved 1075200K
  class space    used 4070K, capacity 4208K, committed 4224K, reserved 1048576K
}

