# JRE version: Java(TM) SE Runtime Environment (8.0_101-b13) (build 1.8.0_101-b13)
# Java VM: Java HotSpot(TM) 64-Bit Server VM (25.101-b13 mixed mode windows-amd64 compressed oops)
Heap:
 PSYoungGen      total 83968K, used 14099K [0x00000000eab00000, 0x00000000f1a00000, 0x0000000100000000)
  eden space 72704K, 3% used [0x00000000eab00000,0x00000000eadc9248,0x00000000ef200000)
  from space 11264K, 99% used [0x00000000f0f00000,0x00000000f19fbb28,0x00000000f1a00000)
  to   space 11776K, 0% used [0x00000000ef200000,0x00000000ef200000,0x00000000efd80000)
 ParOldGen       total 63488K, used 21826K [0x00000000c0000000, 0x00000000c3e00000, 0x00000000eab00000)
  object space 63488K, 34% used [0x00000000c0000000,0x00000000c1550bc0,0x00000000c3e00000)
 Metaspace       used 42697K, capacity 43502K, committed 43776K, reserved 1087488K
  class space    used 5902K, capacity 6085K, committed 6144K, reserved 1048576K
GC Heap History (10 events):
Event: 14.717 GC heap before
{Heap before GC invocations=12 (full 1):
 PSYoungGen      total 65536K, used 65528K [0x00000000eab00000, 0x00000000f0180000, 0x0000000100000000)
  eden space 58880K, 100% used [0x00000000eab00000,0x00000000ee480000,0x00000000ee480000)
  from space 6656K, 99% used [0x00000000eec80000,0x00000000ef2fe2a0,0x00000000ef300000)
  to   space 8192K, 0% used [0x00000000ee480000,0x00000000ee480000,0x00000000eec80000)
 ParOldGen       total 40960K, used 11683K [0x00000000c0000000, 0x00000000c2800000, 0x00000000eab00000)
  object space 40960K, 28% used [0x00000000c0000000,0x00000000c0b68c08,0x00000000c2800000)
 Metaspace       used 32842K, capacity 33394K, committed 33536K, reserved 1079296K
  class space    used 4408K, capacity 4600K, committed 4608K, reserved 1048576K
Event: 14.748 GC heap after
Heap after GC invocations=12 (full 1):
 PSYoungGen      total 67072K, used 8176K [0x00000000eab00000, 0x00000000f0680000, 0x0000000100000000)
  eden space 58880K, 0% used [0x00000000eab00000,0x00000000eab00000,0x00000000ee480000)
  from space 8192K, 99% used [0x00000000ee480000,0x00000000eec7c268,0x00000000eec80000)
  to   space 9216K, 0% used [0x00000000efd80000,0x00000000efd80000,0x00000000f0680000)
 ParOldGen       total 40960K, used 12212K [0x00000000c0000000, 0x00000000c2800000, 0x00000000eab00000)
  object space 40960K, 29% used [0x00000000c0000000,0x00000000c0bed0a0,0x00000000c2800000)
 Metaspace       used 32842K, capacity 33394K, committed 33536K, reserved 1079296K
  class space    used 4408K, capacity 4600K, committed 4608K, reserved 1048576K
}
Event: 15.639 GC heap before
{Heap before GC invocations=13 (full 1):
 PSYoungGen      total 67072K, used 47735K [0x00000000eab00000, 0x00000000f0680000, 0x0000000100000000)
  eden space 58880K, 67% used [0x00000000eab00000,0x00000000ed1a1a40,0x00000000ee480000)
  from space 8192K, 99% used [0x00000000ee480000,0x00000000eec7c268,0x00000000eec80000)
  to   space 9216K, 0% used [0x00000000efd80000,0x00000000efd80000,0x00000000f0680000)
 ParOldGen       total 40960K, used 12212K [0x00000000c0000000, 0x00000000c2800000, 0x00000000eab00000)
  object space 40960K, 29% used [0x00000000c0000000,0x00000000c0bed0a0,0x00000000c2800000)
 Metaspace       used 34681K, capacity 35344K, committed 35496K, reserved 1079296K
  class space    used 4692K, capacity 4864K, committed 4864K, reserved 1048576K
Event: 15.674 GC heap after
Heap after GC invocations=13 (full 1):
 PSYoungGen      total 81920K, used 9206K [0x00000000eab00000, 0x00000000f0e80000, 0x0000000100000000)
  eden space 72704K, 0% used [0x00000000eab00000,0x00000000eab00000,0x00000000ef200000)
  from space 9216K, 99% used [0x00000000efd80000,0x00000000f067dab8,0x00000000f0680000)
  to   space 11776K, 0% used [0x00000000ef200000,0x00000000ef200000,0x00000000efd80000)
 ParOldGen       total 40960K, used 15192K [0x00000000c0000000, 0x00000000c2800000, 0x00000000eab00000)
  object space 40960K, 37% used [0x00000000c0000000,0x00000000c0ed6150,0x00000000c2800000)
 Metaspace       used 34681K, capacity 35344K, committed 35496K, reserved 1079296K
  class space    used 4692K, capacity 4864K, committed 4864K, reserved 1048576K
}
Event: 15.674 GC heap before
{Heap before GC invocations=14 (full 2):
 PSYoungGen      total 81920K, used 9206K [0x00000000eab00000, 0x00000000f0e80000, 0x0000000100000000)
  eden space 72704K, 0% used [0x00000000eab00000,0x00000000eab00000,0x00000000ef200000)
  from space 9216K, 99% used [0x00000000efd80000,0x00000000f067dab8,0x00000000f0680000)
  to   space 11776K, 0% used [0x00000000ef200000,0x00000000ef200000,0x00000000efd80000)
 ParOldGen       total 40960K, used 15192K [0x00000000c0000000, 0x00000000c2800000, 0x00000000eab00000)
  object space 40960K, 37% used [0x00000000c0000000,0x00000000c0ed6150,0x00000000c2800000)
 Metaspace       used 34681K, capacity 35344K, committed 35496K, reserved 1079296K
  class space    used 4692K, capacity 4864K, committed 4864K, reserved 1048576K
Event: 15.919 GC heap after
Heap after GC invocations=14 (full 2):
 PSYoungGen      total 81920K, used 0K [0x00000000eab00000, 0x00000000f0e80000, 0x0000000100000000)
  eden space 72704K, 0% used [0x00000000eab00000,0x00000000eab00000,0x00000000ef200000)
  from space 9216K, 0% used [0x00000000efd80000,0x00000000efd80000,0x00000000f0680000)
  to   space 11776K, 0% used [0x00000000ef200000,0x00000000ef200000,0x00000000efd80000)
 ParOldGen       total 63488K, used 20085K [0x00000000c0000000, 0x00000000c3e00000, 0x00000000eab00000)
  object space 63488K, 31% used [0x00000000c0000000,0x00000000c139d4a0,0x00000000c3e00000)
 Metaspace       used 34681K, capacity 35344K, committed 35496K, reserved 1079296K
  class space    used 4692K, capacity 4864K, committed 4864K, reserved 1048576K
}
Event: 18.110 GC heap before
{Heap before GC invocations=15 (full 2):
 PSYoungGen      total 81920K, used 72704K [0x00000000eab00000, 0x00000000f0e80000, 0x0000000100000000)
  eden space 72704K, 100% used [0x00000000eab00000,0x00000000ef200000,0x00000000ef200000)
  from space 9216K, 0% used [0x00000000efd80000,0x00000000efd80000,0x00000000f0680000)
  to   space 11776K, 0% used [0x00000000ef200000,0x00000000ef200000,0x00000000efd80000)
 ParOldGen       total 63488K, used 20085K [0x00000000c0000000, 0x00000000c3e00000, 0x00000000eab00000)
  object space 63488K, 31% used [0x00000000c0000000,0x00000000c139d4a0,0x00000000c3e00000)
 Metaspace       used 39545K, capacity 40252K, committed 40448K, reserved 1083392K
  class space    used 5382K, capacity 5571K, committed 5632K, reserved 1048576K
Event: 18.122 GC heap after
Heap after GC invocations=15 (full 2):
 PSYoungGen      total 84480K, used 6996K [0x00000000eab00000, 0x00000000f1a00000, 0x0000000100000000)
  eden space 72704K, 0% used [0x00000000eab00000,0x00000000eab00000,0x00000000ef200000)
  from space 11776K, 59% used [0x00000000ef200000,0x00000000ef8d5268,0x00000000efd80000)
  to   space 11264K, 0% used [0x00000000f0f00000,0x00000000f0f00000,0x00000000f1a00000)
 ParOldGen       total 63488K, used 20093K [0x00000000c0000000, 0x00000000c3e00000, 0x00000000eab00000)
  object space 63488K, 31% used [0x00000000c0000000,0x00000000c139f4a0,0x00000000c3e00000)
 Metaspace       used 39545K, capacity 40252K, committed 40448K, reserved 1083392K
  class space    used 5382K, capacity 5571K, committed 5632K, reserved 1048576K
}
Event: 19.727 GC heap before
{Heap before GC invocations=16 (full 2):
 PSYoungGen      total 84480K, used 79700K [0x00000000eab00000, 0x00000000f1a00000, 0x0000000100000000)
  eden space 72704K, 100% used [0x00000000eab00000,0x00000000ef200000,0x00000000ef200000)
  from space 11776K, 59% used [0x00000000ef200000,0x00000000ef8d5268,0x00000000efd80000)
  to   space 11264K, 0% used [0x00000000f0f00000,0x00000000f0f00000,0x00000000f1a00000)
 ParOldGen       total 63488K, used 20093K [0x00000000c0000000, 0x00000000c3e00000, 0x00000000eab00000)
  object space 63488K, 31% used [0x00000000c0000000,0x00000000c139f4a0,0x00000000c3e00000)
 Metaspace       used 42586K, capacity 43374K, committed 43520K, reserved 1087488K
  class space    used 5884K, capacity 6085K, committed 6144K, reserved 1048576K
Event: 19.778 GC heap after
Heap after GC invocations=16 (full 2):
 PSYoungGen      total 83968K, used 11246K [0x00000000eab00000, 0x00000000f1a00000, 0x0000000100000000)
  eden space 72704K, 0% used [0x00000000eab00000,0x00000000eab00000,0x00000000ef200000)
  from space 11264K, 99% used [0x00000000f0f00000,0x00000000f19fbb28,0x00000000f1a00000)
  to   space 11776K, 0% used [0x00000000ef200000,0x00000000ef200000,0x00000000efd80000)
 ParOldGen       total 63488K, used 21826K [0x00000000c0000000, 0x00000000c3e00000, 0x00000000eab00000)
  object space 63488K, 34% used [0x00000000c0000000,0x00000000c1550bc0,0x00000000c3e00000)
 Metaspace       used 42586K, capacity 43374K, committed 43520K, reserved 1087488K
  class space    used 5884K, capacity 6085K, committed 6144K, reserved 1048576K
}

