# JRE version: Java(TM) SE Runtime Environment (8.0_101-b13) (build 1.8.0_101-b13)
# Java VM: Java HotSpot(TM) 64-Bit Server VM (25.101-b13 mixed mode windows-amd64 compressed oops)
Heap:
 PSYoungGen      total 143360K, used 107566K [0x00000000eab00000, 0x00000000f4b00000, 0x0000000100000000)
  eden space 129024K, 72% used [0x00000000eab00000,0x00000000f060cb58,0x00000000f2900000)
  from space 14336K, 99% used [0x00000000f3a80000,0x00000000f487eed8,0x00000000f4880000)
  to   space 17408K, 0% used [0x00000000f2900000,0x00000000f2900000,0x00000000f3a00000)
 ParOldGen       total 67584K, used 22590K [0x00000000c0000000, 0x00000000c4200000, 0x00000000eab00000)
  object space 67584K, 33% used [0x00000000c0000000,0x00000000c160f878,0x00000000c4200000)
 Metaspace       used 46984K, capacity 47940K, committed 48000K, reserved 1091584K
  class space    used 6451K, capacity 6763K, committed 6784K, reserved 1048576K
GC Heap History (10 events):
Event: 12.175 GC heap before
{Heap before GC invocations=10 (full 1):
 PSYoungGen      total 95744K, used 93704K [0x00000000eab00000, 0x00000000f1200000, 0x0000000100000000)
  eden space 87040K, 100% used [0x00000000eab00000,0x00000000f0000000,0x00000000f0000000)
  from space 8704K, 76% used [0x00000000f0980000,0x00000000f10020a8,0x00000000f1200000)
  to   space 9216K, 0% used [0x00000000f0000000,0x00000000f0000000,0x00000000f0900000)
 ParOldGen       total 46592K, used 13619K [0x00000000c0000000, 0x00000000c2d80000, 0x00000000eab00000)
  object space 46592K, 29% used [0x00000000c0000000,0x00000000c0d4cfe8,0x00000000c2d80000)
 Metaspace       used 33219K, capacity 33902K, committed 34176K, reserved 1079296K
  class space    used 4464K, capacity 4638K, committed 4736K, reserved 1048576K
Event: 12.216 GC heap after
Heap after GC invocations=10 (full 1):
 PSYoungGen      total 96256K, used 9202K [0x00000000eab00000, 0x00000000f2a00000, 0x0000000100000000)
  eden space 87040K, 0% used [0x00000000eab00000,0x00000000eab00000,0x00000000f0000000)
  from space 9216K, 99% used [0x00000000f0000000,0x00000000f08fcaa8,0x00000000f0900000)
  to   space 11776K, 0% used [0x00000000f1e80000,0x00000000f1e80000,0x00000000f2a00000)
 ParOldGen       total 46592K, used 16745K [0x00000000c0000000, 0x00000000c2d80000, 0x00000000eab00000)
  object space 46592K, 35% used [0x00000000c0000000,0x00000000c105a5c8,0x00000000c2d80000)
 Metaspace       used 33219K, capacity 33902K, committed 34176K, reserved 1079296K
  class space    used 4464K, capacity 4638K, committed 4736K, reserved 1048576K
}
Event: 12.651 GC heap before
{Heap before GC invocations=11 (full 1):
 PSYoungGen      total 96256K, used 28866K [0x00000000eab00000, 0x00000000f2a00000, 0x0000000100000000)
  eden space 87040K, 22% used [0x00000000eab00000,0x00000000ebe34118,0x00000000f0000000)
  from space 9216K, 99% used [0x00000000f0000000,0x00000000f08fcaa8,0x00000000f0900000)
  to   space 11776K, 0% used [0x00000000f1e80000,0x00000000f1e80000,0x00000000f2a00000)
 ParOldGen       total 46592K, used 16745K [0x00000000c0000000, 0x00000000c2d80000, 0x00000000eab00000)
  object space 46592K, 35% used [0x00000000c0000000,0x00000000c105a5c8,0x00000000c2d80000)
 Metaspace       used 34675K, capacity 35312K, committed 35456K, reserved 1079296K
  class space    used 4702K, capacity 4896K, committed 4992K, reserved 1048576K
Event: 12.682 GC heap after
Heap after GC invocations=11 (full 1):
 PSYoungGen      total 116736K, used 11334K [0x00000000eab00000, 0x00000000f3480000, 0x0000000100000000)
  eden space 104960K, 0% used [0x00000000eab00000,0x00000000eab00000,0x00000000f1180000)
  from space 11776K, 96% used [0x00000000f1e80000,0x00000000f2991a88,0x00000000f2a00000)
  to   space 13312K, 0% used [0x00000000f1180000,0x00000000f1180000,0x00000000f1e80000)
 ParOldGen       total 46592K, used 16753K [0x00000000c0000000, 0x00000000c2d80000, 0x00000000eab00000)
  object space 46592K, 35% used [0x00000000c0000000,0x00000000c105c5c8,0x00000000c2d80000)
 Metaspace       used 34675K, capacity 35312K, committed 35456K, reserved 1079296K
  class space    used 4702K, capacity 4896K, committed 4992K, reserved 1048576K
}
Event: 12.683 GC heap before
{Heap before GC invocations=12 (full 2):
 PSYoungGen      total 116736K, used 11334K [0x00000000eab00000, 0x00000000f3480000, 0x0000000100000000)
  eden space 104960K, 0% used [0x00000000eab00000,0x00000000eab00000,0x00000000f1180000)
  from space 11776K, 96% used [0x00000000f1e80000,0x00000000f2991a88,0x00000000f2a00000)
  to   space 13312K, 0% used [0x00000000f1180000,0x00000000f1180000,0x00000000f1e80000)
 ParOldGen       total 46592K, used 16753K [0x00000000c0000000, 0x00000000c2d80000, 0x00000000eab00000)
  object space 46592K, 35% used [0x00000000c0000000,0x00000000c105c5c8,0x00000000c2d80000)
 Metaspace       used 34675K, capacity 35312K, committed 35456K, reserved 1079296K
  class space    used 4702K, capacity 4896K, committed 4992K, reserved 1048576K
Event: 12.943 GC heap after
Heap after GC invocations=12 (full 2):
 PSYoungGen      total 116736K, used 0K [0x00000000eab00000, 0x00000000f3480000, 0x0000000100000000)
  eden space 104960K, 0% used [0x00000000eab00000,0x00000000eab00000,0x00000000f1180000)
  from space 11776K, 0% used [0x00000000f1e80000,0x00000000f1e80000,0x00000000f2a00000)
  to   space 13312K, 0% used [0x00000000f1180000,0x00000000f1180000,0x00000000f1e80000)
 ParOldGen       total 67584K, used 19823K [0x00000000c0000000, 0x00000000c4200000, 0x00000000eab00000)
  object space 67584K, 29% used [0x00000000c0000000,0x00000000c135be18,0x00000000c4200000)
 Metaspace       used 34675K, capacity 35312K, committed 35456K, reserved 1079296K
  class space    used 4702K, capacity 4896K, committed 4992K, reserved 1048576K
}
Event: 16.142 GC heap before
{Heap before GC invocations=13 (full 2):
 PSYoungGen      total 116736K, used 104960K [0x00000000eab00000, 0x00000000f3480000, 0x0000000100000000)
  eden space 104960K, 100% used [0x00000000eab00000,0x00000000f1180000,0x00000000f1180000)
  from space 11776K, 0% used [0x00000000f1e80000,0x00000000f1e80000,0x00000000f2a00000)
  to   space 13312K, 0% used [0x00000000f1180000,0x00000000f1180000,0x00000000f1e80000)
 ParOldGen       total 67584K, used 19823K [0x00000000c0000000, 0x00000000c4200000, 0x00000000eab00000)
  object space 67584K, 29% used [0x00000000c0000000,0x00000000c135be18,0x00000000c4200000)
 Metaspace       used 40674K, capacity 41442K, committed 41728K, reserved 1085440K
  class space    used 5586K, capacity 5793K, committed 5888K, reserved 1048576K
Event: 16.181 GC heap after
Heap after GC invocations=13 (full 2):
 PSYoungGen      total 118272K, used 10917K [0x00000000eab00000, 0x00000000f4880000, 0x0000000100000000)
  eden space 104960K, 0% used [0x00000000eab00000,0x00000000eab00000,0x00000000f1180000)
  from space 13312K, 82% used [0x00000000f1180000,0x00000000f1c29600,0x00000000f1e80000)
  to   space 14336K, 0% used [0x00000000f3a80000,0x00000000f3a80000,0x00000000f4880000)
 ParOldGen       total 67584K, used 19831K [0x00000000c0000000, 0x00000000c4200000, 0x00000000eab00000)
  object space 67584K, 29% used [0x00000000c0000000,0x00000000c135de18,0x00000000c4200000)
 Metaspace       used 40674K, capacity 41442K, committed 41728K, reserved 1085440K
  class space    used 5586K, capacity 5793K, committed 5888K, reserved 1048576K
}
Event: 24.273 GC heap before
{Heap before GC invocations=14 (full 2):
 PSYoungGen      total 118272K, used 115877K [0x00000000eab00000, 0x00000000f4880000, 0x0000000100000000)
  eden space 104960K, 100% used [0x00000000eab00000,0x00000000f1180000,0x00000000f1180000)
  from space 13312K, 82% used [0x00000000f1180000,0x00000000f1c29600,0x00000000f1e80000)
  to   space 14336K, 0% used [0x00000000f3a80000,0x00000000f3a80000,0x00000000f4880000)
 ParOldGen       total 67584K, used 19831K [0x00000000c0000000, 0x00000000c4200000, 0x00000000eab00000)
  object space 67584K, 29% used [0x00000000c0000000,0x00000000c135de18,0x00000000c4200000)
 Metaspace       used 45497K, capacity 46528K, committed 46592K, reserved 1089536K
  class space    used 6289K, capacity 6621K, committed 6656K, reserved 1048576K
Event: 24.319 GC heap after
Heap after GC invocations=14 (full 2):
 PSYoungGen      total 143360K, used 14331K [0x00000000eab00000, 0x00000000f4b00000, 0x0000000100000000)
  eden space 129024K, 0% used [0x00000000eab00000,0x00000000eab00000,0x00000000f2900000)
  from space 14336K, 99% used [0x00000000f3a80000,0x00000000f487eed8,0x00000000f4880000)
  to   space 17408K, 0% used [0x00000000f2900000,0x00000000f2900000,0x00000000f3a00000)
 ParOldGen       total 67584K, used 22590K [0x00000000c0000000, 0x00000000c4200000, 0x00000000eab00000)
  object space 67584K, 33% used [0x00000000c0000000,0x00000000c160f878,0x00000000c4200000)
 Metaspace       used 45497K, capacity 46528K, committed 46592K, reserved 1089536K
  class space    used 6289K, capacity 6621K, committed 6656K, reserved 1048576K
}

